2017-07-25 10:30:19|31|statement|connection 0|SELECT event_id,is_check FROM t_event WHERE event_id LIKE '%%' 
2017-07-25 10:30:19|38|statement|connection 1|UPDATE t_event SET is_check = 1 WHERE event_id = '5W5eOEzbDYLVErVpcqth0' 
2017-07-25 10:30:19|21|statement|connection 2|UPDATE t_event SET is_check = 1 WHERE event_id = '75WyaHd09DV4QBm25P5s0' 
2017-07-25 10:30:19|23|statement|connection 3|UPDATE t_event SET is_check = 1 WHERE event_id = '7teOQd70cN6GsRMwcx7y' 
2017-07-25 10:30:19|21|statement|connection 4|UPDATE t_event SET is_check = 1 WHERE event_id = '7tsN0pRMK3PiIpAOqaJ4' 
2017-07-25 10:30:19|21|statement|connection 5|UPDATE t_event SET is_check = 1 WHERE event_id = '9C40AQ4W5wCP0GQMErLy0' 
2017-07-25 10:30:19|23|statement|connection 6|UPDATE t_event SET is_check = 1 WHERE event_id = '9g5D0PHydc2c1udefkN70' 
2017-07-25 10:30:19|23|statement|connection 7|UPDATE t_event SET is_check = 1 WHERE event_id = '9GUazr8j9tTeIt08rURL0' 
2017-07-25 10:30:19|23|statement|connection 8|UPDATE t_event SET is_check = 1 WHERE event_id = 'bBx4R09Y0Mqac1OEcOLf' 
2017-07-25 10:30:19|27|statement|connection 9|UPDATE t_event SET is_check = 1 WHERE event_id = 'fnbvS1QsgVHmrc9IJLdp' 
2017-07-25 10:30:19|23|statement|connection 10|UPDATE t_event SET is_check = 1 WHERE event_id = 'FOYssG5ofdr9TwY7hH9b' 
2017-07-25 10:30:19|25|statement|connection 11|UPDATE t_event SET is_check = 1 WHERE event_id = 'fr1h48v2FsyQqfQrmWTn0' 
2017-07-25 10:30:20|26|statement|connection 12|UPDATE t_event SET is_check = 1 WHERE event_id = 'FsxO9N72zzy0LPakh4Ye' 
2017-07-25 10:30:20|24|statement|connection 13|UPDATE t_event SET is_check = 1 WHERE event_id = 'FuwH489golK0oH83Nino' 
2017-07-25 10:30:20|86|statement|connection 14|UPDATE t_event SET is_check = 1 WHERE event_id = 'FwR0BsE7bpgY4isRHz040' 
2017-07-25 10:30:20|27|statement|connection 15|UPDATE t_event SET is_check = 1 WHERE event_id = 'h8tSnh6PC2vKg0MP53T40' 
2017-07-25 10:30:20|46|statement|connection 16|UPDATE t_event SET is_check = 1 WHERE event_id = 'hmAI8mhVhWe46W29I2b70' 
2017-07-25 10:30:20|24|statement|connection 17|UPDATE t_event SET is_check = 1 WHERE event_id = 'hmiDysY4e7J6wqomIl3A' 
2017-07-25 10:30:20|26|statement|connection 18|UPDATE t_event SET is_check = 1 WHERE event_id = 'HTuM6G01Ax1ek0jOez3I0' 
2017-07-25 10:30:20|33|statement|connection 19|UPDATE t_event SET is_check = 1 WHERE event_id = 'HV3QH4aKACdqO0zko23z' 
2017-07-25 10:30:20|25|statement|connection 20|UPDATE t_event SET is_check = 1 WHERE event_id = 'HXoeBv3vLWEpvuHp0OCF0' 
2017-07-25 10:30:20|26|statement|connection 21|UPDATE t_event SET is_check = 1 WHERE event_id = 'HzAky1u0RqqmxoK5TW6b0' 
2017-07-25 10:30:20|27|statement|connection 22|UPDATE t_event SET is_check = 1 WHERE event_id = 'Ja3CKCUjAYMgHCK3dVtb0' 
2017-07-25 10:30:20|24|statement|connection 23|UPDATE t_event SET is_check = 1 WHERE event_id = 'Jcqx05BMnOnfjvX1C9Rq' 
2017-07-25 10:30:20|30|statement|connection 24|UPDATE t_event SET is_check = 1 WHERE event_id = 'jFNes6fszdVRWvG2gAWe0' 
2017-07-25 10:30:20|30|statement|connection 25|UPDATE t_event SET is_check = 1 WHERE event_id = 'JgIBkw9EVoHsk8jO1dwu0' 
2017-07-25 10:30:20|25|statement|connection 26|UPDATE t_event SET is_check = 1 WHERE event_id = 'JiBv3ianQBVpxLHRWXpP' 
2017-07-25 10:30:20|66|statement|connection 27|UPDATE t_event SET is_check = 1 WHERE event_id = 'JU2mQQRCRJuQ4rwjshTv' 
2017-07-25 10:30:20|29|statement|connection 28|UPDATE t_event SET is_check = 1 WHERE event_id = 'jVj7uIrUoWV5C9aLxeBz0' 
2017-07-25 10:30:20|29|statement|connection 29|UPDATE t_event SET is_check = 1 WHERE event_id = 'jVrvKBU1OHTIb8eTk3nS' 
2017-07-25 10:30:20|28|statement|connection 30|UPDATE t_event SET is_check = 1 WHERE event_id = 'jXeiDl1ADsQnz7cR5j7T' 
2017-07-25 10:30:20|28|statement|connection 31|UPDATE t_event SET is_check = 1 WHERE event_id = 'jXS6H1s7o70auz03Ojnx' 
2017-07-25 10:30:20|31|statement|connection 32|UPDATE t_event SET is_check = 1 WHERE event_id = 'L3dTJLJhSLvLz8bdXyeg' 
2017-07-25 10:30:20|28|statement|connection 33|UPDATE t_event SET is_check = 1 WHERE event_id = 'LBWLEuLSmDNVs50YQRbr' 
2017-07-25 10:30:20|28|statement|connection 34|UPDATE t_event SET is_check = 1 WHERE event_id = 'lcOCeRlURICBSbq7FCBb' 
2017-07-25 10:30:20|25|statement|connection 35|UPDATE t_event SET is_check = 1 WHERE event_id = 'lgutNOTgUwAgiNjmrFH80' 
2017-07-25 10:30:21|32|statement|connection 36|UPDATE t_event SET is_check = 1 WHERE event_id = 'LLLf4Onda9BgbnG35fkR0' 
2017-07-25 10:30:21|32|statement|connection 37|UPDATE t_event SET is_check = 1 WHERE event_id = 'lWPPaz6U00RqA9MHSY8a' 
2017-07-25 10:30:21|25|statement|connection 38|UPDATE t_event SET is_check = 1 WHERE event_id = 'nb9ovM8ajBhX728CdvPE' 
2017-07-25 10:30:21|29|statement|connection 39|UPDATE t_event SET is_check = 1 WHERE event_id = 'nHpAnzbvWkV8qHluRhMD0' 
2017-07-25 10:30:21|28|statement|connection 40|UPDATE t_event SET is_check = 1 WHERE event_id = 'nHrXalqh8giN2IXz5tAO0' 
2017-07-25 10:30:21|32|statement|connection 41|UPDATE t_event SET is_check = 1 WHERE event_id = 'NQjY2eSY5el08PzhUqel' 
2017-07-25 10:30:21|27|statement|connection 42|UPDATE t_event SET is_check = 1 WHERE event_id = 'nr5cc2J0InAqmzVHvWiJ' 
2017-07-25 10:30:21|28|statement|connection 43|UPDATE t_event SET is_check = 1 WHERE event_id = 'nRwPIEoFJN0HqyQaEWGd' 
2017-07-25 10:30:21|26|statement|connection 44|UPDATE t_event SET is_check = 1 WHERE event_id = 'ntmuFS97qwuWegav1Rje0' 
2017-07-25 10:30:21|26|statement|connection 45|UPDATE t_event SET is_check = 1 WHERE event_id = 'nv19GvYCttvmc3cqAWzS' 
2017-07-25 10:30:21|26|statement|connection 46|UPDATE t_event SET is_check = 1 WHERE event_id = 'Ra1IjvyWyOWuJumfLrm90' 
2017-07-25 10:30:21|27|statement|connection 47|UPDATE t_event SET is_check = 1 WHERE event_id = 'RKPS4z9nlvmoFK3DiuuE0' 
2017-07-25 10:30:21|26|statement|connection 48|UPDATE t_event SET is_check = 1 WHERE event_id = 'rLuWdhvxfsXLTjmai4Dy0' 
2017-07-25 10:30:21|26|statement|connection 49|UPDATE t_event SET is_check = 1 WHERE event_id = 'rpL0dFYLaLXR394fcnCm' 
2017-07-25 10:30:21|27|statement|connection 50|UPDATE t_event SET is_check = 1 WHERE event_id = 'tqJ5QzJcwrLv6QeCPEFj' 
2017-07-25 10:30:21|26|statement|connection 51|UPDATE t_event SET is_check = 1 WHERE event_id = 'tQyBMUkY9LK0nVP56GHb0' 
2017-07-25 10:30:21|1|statement|connection 52|SELECT count(*) from t_event WHERE event_id LIKE '%%' 
2017-07-25 10:30:21|0|statement|connection 53|SELECT * FROM t_event WHERE event_id LIKE '%%' order by event_id limit 0,15 
2017-07-25 10:30:22|1|statement|connection 54|SELECT event_id,is_check FROM t_event WHERE event_id LIKE '%%' 
2017-07-25 10:30:22|46|statement|connection 55|UPDATE t_event SET is_check = 0 WHERE event_id = '5W5eOEzbDYLVErVpcqth0' 
2017-07-25 10:30:22|175|statement|connection 56|UPDATE t_event SET is_check = 0 WHERE event_id = '75WyaHd09DV4QBm25P5s0' 
2017-07-25 10:30:22|29|statement|connection 57|UPDATE t_event SET is_check = 0 WHERE event_id = '7teOQd70cN6GsRMwcx7y' 
2017-07-25 10:30:22|71|statement|connection 58|UPDATE t_event SET is_check = 0 WHERE event_id = '7tsN0pRMK3PiIpAOqaJ4' 
2017-07-25 10:30:22|31|statement|connection 59|UPDATE t_event SET is_check = 0 WHERE event_id = '9C40AQ4W5wCP0GQMErLy0' 
2017-07-25 10:30:22|94|statement|connection 60|UPDATE t_event SET is_check = 0 WHERE event_id = '9g5D0PHydc2c1udefkN70' 
2017-07-25 10:30:22|23|statement|connection 61|UPDATE t_event SET is_check = 0 WHERE event_id = '9GUazr8j9tTeIt08rURL0' 
2017-07-25 10:30:22|26|statement|connection 62|UPDATE t_event SET is_check = 0 WHERE event_id = 'bBx4R09Y0Mqac1OEcOLf' 
2017-07-25 10:30:22|28|statement|connection 63|UPDATE t_event SET is_check = 0 WHERE event_id = 'fnbvS1QsgVHmrc9IJLdp' 
2017-07-25 10:30:22|30|statement|connection 64|UPDATE t_event SET is_check = 0 WHERE event_id = 'FOYssG5ofdr9TwY7hH9b' 
2017-07-25 10:30:22|37|statement|connection 65|UPDATE t_event SET is_check = 0 WHERE event_id = 'fr1h48v2FsyQqfQrmWTn0' 
2017-07-25 10:30:22|31|statement|connection 66|UPDATE t_event SET is_check = 0 WHERE event_id = 'FsxO9N72zzy0LPakh4Ye' 
2017-07-25 10:30:22|30|statement|connection 67|UPDATE t_event SET is_check = 0 WHERE event_id = 'FuwH489golK0oH83Nino' 
2017-07-25 10:30:23|298|statement|connection 68|UPDATE t_event SET is_check = 0 WHERE event_id = 'FwR0BsE7bpgY4isRHz040' 
2017-07-25 10:30:23|58|statement|connection 69|UPDATE t_event SET is_check = 0 WHERE event_id = 'h8tSnh6PC2vKg0MP53T40' 
2017-07-25 10:30:23|37|statement|connection 70|UPDATE t_event SET is_check = 0 WHERE event_id = 'hmAI8mhVhWe46W29I2b70' 
2017-07-25 10:30:23|32|statement|connection 71|UPDATE t_event SET is_check = 0 WHERE event_id = 'hmiDysY4e7J6wqomIl3A' 
2017-07-25 10:30:23|37|statement|connection 72|UPDATE t_event SET is_check = 0 WHERE event_id = 'HTuM6G01Ax1ek0jOez3I0' 
2017-07-25 10:30:23|28|statement|connection 73|UPDATE t_event SET is_check = 0 WHERE event_id = 'HV3QH4aKACdqO0zko23z' 
2017-07-25 10:30:23|25|statement|connection 74|UPDATE t_event SET is_check = 0 WHERE event_id = 'HXoeBv3vLWEpvuHp0OCF0' 
2017-07-25 10:30:23|26|statement|connection 75|UPDATE t_event SET is_check = 0 WHERE event_id = 'HzAky1u0RqqmxoK5TW6b0' 
2017-07-25 10:30:23|27|statement|connection 76|UPDATE t_event SET is_check = 0 WHERE event_id = 'Ja3CKCUjAYMgHCK3dVtb0' 
2017-07-25 10:30:23|27|statement|connection 77|UPDATE t_event SET is_check = 0 WHERE event_id = 'Jcqx05BMnOnfjvX1C9Rq' 
2017-07-25 10:30:23|30|statement|connection 78|UPDATE t_event SET is_check = 0 WHERE event_id = 'jFNes6fszdVRWvG2gAWe0' 
2017-07-25 10:30:23|32|statement|connection 79|UPDATE t_event SET is_check = 0 WHERE event_id = 'JgIBkw9EVoHsk8jO1dwu0' 
2017-07-25 10:30:23|25|statement|connection 80|UPDATE t_event SET is_check = 0 WHERE event_id = 'JiBv3ianQBVpxLHRWXpP' 
2017-07-25 10:30:23|31|statement|connection 81|UPDATE t_event SET is_check = 0 WHERE event_id = 'JU2mQQRCRJuQ4rwjshTv' 
2017-07-25 10:30:23|24|statement|connection 82|UPDATE t_event SET is_check = 0 WHERE event_id = 'jVj7uIrUoWV5C9aLxeBz0' 
2017-07-25 10:30:23|26|statement|connection 83|UPDATE t_event SET is_check = 0 WHERE event_id = 'jVrvKBU1OHTIb8eTk3nS' 
2017-07-25 10:30:23|26|statement|connection 84|UPDATE t_event SET is_check = 0 WHERE event_id = 'jXeiDl1ADsQnz7cR5j7T' 
2017-07-25 10:30:23|34|statement|connection 85|UPDATE t_event SET is_check = 0 WHERE event_id = 'jXS6H1s7o70auz03Ojnx' 
2017-07-25 10:30:23|29|statement|connection 86|UPDATE t_event SET is_check = 0 WHERE event_id = 'L3dTJLJhSLvLz8bdXyeg' 
2017-07-25 10:30:23|32|statement|connection 87|UPDATE t_event SET is_check = 0 WHERE event_id = 'LBWLEuLSmDNVs50YQRbr' 
2017-07-25 10:30:24|31|statement|connection 88|UPDATE t_event SET is_check = 0 WHERE event_id = 'lcOCeRlURICBSbq7FCBb' 
2017-07-25 10:30:24|119|statement|connection 89|UPDATE t_event SET is_check = 0 WHERE event_id = 'lgutNOTgUwAgiNjmrFH80' 
2017-07-25 10:30:24|59|statement|connection 90|UPDATE t_event SET is_check = 0 WHERE event_id = 'LLLf4Onda9BgbnG35fkR0' 
2017-07-25 10:30:24|27|statement|connection 91|UPDATE t_event SET is_check = 0 WHERE event_id = 'lWPPaz6U00RqA9MHSY8a' 
2017-07-25 10:30:24|25|statement|connection 92|UPDATE t_event SET is_check = 0 WHERE event_id = 'nb9ovM8ajBhX728CdvPE' 
2017-07-25 10:30:24|26|statement|connection 93|UPDATE t_event SET is_check = 0 WHERE event_id = 'nHpAnzbvWkV8qHluRhMD0' 
2017-07-25 10:30:24|26|statement|connection 94|UPDATE t_event SET is_check = 0 WHERE event_id = 'nHrXalqh8giN2IXz5tAO0' 
2017-07-25 10:30:24|27|statement|connection 95|UPDATE t_event SET is_check = 0 WHERE event_id = 'NQjY2eSY5el08PzhUqel' 
2017-07-25 10:30:24|27|statement|connection 96|UPDATE t_event SET is_check = 0 WHERE event_id = 'nr5cc2J0InAqmzVHvWiJ' 
2017-07-25 10:30:24|26|statement|connection 97|UPDATE t_event SET is_check = 0 WHERE event_id = 'nRwPIEoFJN0HqyQaEWGd' 
2017-07-25 10:30:24|28|statement|connection 98|UPDATE t_event SET is_check = 0 WHERE event_id = 'ntmuFS97qwuWegav1Rje0' 
2017-07-25 10:30:24|28|statement|connection 99|UPDATE t_event SET is_check = 0 WHERE event_id = 'nv19GvYCttvmc3cqAWzS' 
2017-07-25 10:30:24|28|statement|connection 100|UPDATE t_event SET is_check = 0 WHERE event_id = 'Ra1IjvyWyOWuJumfLrm90' 
2017-07-25 10:30:24|27|statement|connection 101|UPDATE t_event SET is_check = 0 WHERE event_id = 'RKPS4z9nlvmoFK3DiuuE0' 
2017-07-25 10:30:24|24|statement|connection 102|UPDATE t_event SET is_check = 0 WHERE event_id = 'rLuWdhvxfsXLTjmai4Dy0' 
2017-07-25 10:30:24|26|statement|connection 103|UPDATE t_event SET is_check = 0 WHERE event_id = 'rpL0dFYLaLXR394fcnCm' 
2017-07-25 10:30:24|26|statement|connection 104|UPDATE t_event SET is_check = 0 WHERE event_id = 'tqJ5QzJcwrLv6QeCPEFj' 
2017-07-25 10:30:24|32|statement|connection 105|UPDATE t_event SET is_check = 0 WHERE event_id = 'tQyBMUkY9LK0nVP56GHb0' 
2017-07-25 10:30:24|1|statement|connection 106|SELECT count(*) from t_event WHERE event_id LIKE '%%' 
2017-07-25 10:30:24|0|statement|connection 107|SELECT * FROM t_event WHERE event_id LIKE '%%' order by event_id limit 0,15 
2017-07-25 10:30:27|1|statement|connection 108|SELECT count(*) from t_event WHERE event_id LIKE '%ad%' 
2017-07-25 10:30:27|2|statement|connection 109|SELECT * FROM t_event WHERE event_id LIKE '%ad%' order by event_id limit 0,15 
2017-07-25 10:30:48|1|statement|connection 110|SELECT count(*) from t_event WHERE event_id LIKE '%%' 
2017-07-25 10:30:48|0|statement|connection 111|SELECT * FROM t_event WHERE event_id LIKE '%%' order by event_id limit 0,15 
2017-07-25 10:30:50|0|statement|connection 112|SELECT * FROM t_event WHERE event_id LIKE '%%' order by event_id limit 0,15 
2017-07-25 10:30:50|42|statement|connection 113|UPDATE t_event SET is_check = 1 WHERE event_id = '5W5eOEzbDYLVErVpcqth0' 
2017-07-25 10:30:50|21|statement|connection 114|UPDATE t_event SET is_check = 1 WHERE event_id = '75WyaHd09DV4QBm25P5s0' 
2017-07-25 10:30:50|31|statement|connection 115|UPDATE t_event SET is_check = 1 WHERE event_id = '7teOQd70cN6GsRMwcx7y' 
2017-07-25 10:30:50|27|statement|connection 116|UPDATE t_event SET is_check = 1 WHERE event_id = '7tsN0pRMK3PiIpAOqaJ4' 
2017-07-25 10:30:50|26|statement|connection 117|UPDATE t_event SET is_check = 1 WHERE event_id = '9C40AQ4W5wCP0GQMErLy0' 
2017-07-25 10:30:50|33|statement|connection 118|UPDATE t_event SET is_check = 1 WHERE event_id = '9g5D0PHydc2c1udefkN70' 
2017-07-25 10:30:50|30|statement|connection 119|UPDATE t_event SET is_check = 1 WHERE event_id = '9GUazr8j9tTeIt08rURL0' 
2017-07-25 10:30:50|26|statement|connection 120|UPDATE t_event SET is_check = 1 WHERE event_id = 'bBx4R09Y0Mqac1OEcOLf' 
2017-07-25 10:30:50|27|statement|connection 121|UPDATE t_event SET is_check = 1 WHERE event_id = 'fnbvS1QsgVHmrc9IJLdp' 
2017-07-25 10:30:50|27|statement|connection 122|UPDATE t_event SET is_check = 1 WHERE event_id = 'FOYssG5ofdr9TwY7hH9b' 
2017-07-25 10:30:50|26|statement|connection 123|UPDATE t_event SET is_check = 1 WHERE event_id = 'fr1h48v2FsyQqfQrmWTn0' 
2017-07-25 10:30:50|27|statement|connection 124|UPDATE t_event SET is_check = 1 WHERE event_id = 'FsxO9N72zzy0LPakh4Ye' 
2017-07-25 10:30:50|28|statement|connection 125|UPDATE t_event SET is_check = 1 WHERE event_id = 'FuwH489golK0oH83Nino' 
2017-07-25 10:30:50|25|statement|connection 126|UPDATE t_event SET is_check = 1 WHERE event_id = 'FwR0BsE7bpgY4isRHz040' 
2017-07-25 10:30:50|27|statement|connection 127|UPDATE t_event SET is_check = 1 WHERE event_id = 'h8tSnh6PC2vKg0MP53T40' 
2017-07-25 10:30:50|1|statement|connection 128|SELECT count(*) from t_event WHERE event_id LIKE '%%' 
2017-07-25 10:30:50|0|statement|connection 129|SELECT * FROM t_event WHERE event_id LIKE '%%' order by event_id limit 0,15 
2017-07-25 10:30:53|1|statement|connection 130|SELECT * FROM t_event WHERE event_id LIKE '%%' order by event_id limit 0,15 
2017-07-25 10:30:53|43|statement|connection 131|UPDATE t_event SET is_check = 0 WHERE event_id = '5W5eOEzbDYLVErVpcqth0' 
2017-07-25 10:30:53|26|statement|connection 132|UPDATE t_event SET is_check = 0 WHERE event_id = '75WyaHd09DV4QBm25P5s0' 
2017-07-25 10:30:53|26|statement|connection 133|UPDATE t_event SET is_check = 0 WHERE event_id = '7teOQd70cN6GsRMwcx7y' 
2017-07-25 10:30:53|27|statement|connection 134|UPDATE t_event SET is_check = 0 WHERE event_id = '7tsN0pRMK3PiIpAOqaJ4' 
2017-07-25 10:30:53|26|statement|connection 135|UPDATE t_event SET is_check = 0 WHERE event_id = '9C40AQ4W5wCP0GQMErLy0' 
2017-07-25 10:30:53|26|statement|connection 136|UPDATE t_event SET is_check = 0 WHERE event_id = '9g5D0PHydc2c1udefkN70' 
2017-07-25 10:30:53|25|statement|connection 137|UPDATE t_event SET is_check = 0 WHERE event_id = '9GUazr8j9tTeIt08rURL0' 
2017-07-25 10:30:53|26|statement|connection 138|UPDATE t_event SET is_check = 0 WHERE event_id = 'bBx4R09Y0Mqac1OEcOLf' 
2017-07-25 10:30:53|24|statement|connection 139|UPDATE t_event SET is_check = 0 WHERE event_id = 'fnbvS1QsgVHmrc9IJLdp' 
2017-07-25 10:30:53|28|statement|connection 140|UPDATE t_event SET is_check = 0 WHERE event_id = 'FOYssG5ofdr9TwY7hH9b' 
2017-07-25 10:30:53|28|statement|connection 141|UPDATE t_event SET is_check = 0 WHERE event_id = 'fr1h48v2FsyQqfQrmWTn0' 
2017-07-25 10:30:53|27|statement|connection 142|UPDATE t_event SET is_check = 0 WHERE event_id = 'FsxO9N72zzy0LPakh4Ye' 
2017-07-25 10:30:53|27|statement|connection 143|UPDATE t_event SET is_check = 0 WHERE event_id = 'FuwH489golK0oH83Nino' 
2017-07-25 10:30:53|25|statement|connection 144|UPDATE t_event SET is_check = 0 WHERE event_id = 'FwR0BsE7bpgY4isRHz040' 
2017-07-25 10:30:53|27|statement|connection 145|UPDATE t_event SET is_check = 0 WHERE event_id = 'h8tSnh6PC2vKg0MP53T40' 
2017-07-25 10:30:53|0|statement|connection 146|SELECT count(*) from t_event WHERE event_id LIKE '%%' 
2017-07-25 10:30:53|1|statement|connection 147|SELECT * FROM t_event WHERE event_id LIKE '%%' order by event_id limit 0,15 
2017-07-25 10:30:55|0|statement|connection 148|SELECT count(*) from t_event WHERE event_id LIKE '%%' 
2017-07-25 10:30:55|1|statement|connection 149|SELECT * FROM t_event WHERE event_id LIKE '%%' order by event_id limit 45,15 
2017-07-25 10:32:16|36|statement|connection 0| SELECT count(*) FROM t_user  WHERE user_name = 'admin' and password = '123456' 
2017-07-25 10:32:16|1|statement|connection 1| SELECT user_id,user_name,credits  FROM t_user WHERE user_name ='admin' 
2017-07-25 10:32:16|1|statement|connection 2| UPDATE t_user SET  last_visit='25-七月-17',last_ip='0:0:0:0:0:0:0:1',credits=2155  WHERE user_id =1
2017-07-25 10:32:16|1|statement|connection 2|INSERT INTO t_login_log(user_id,ip,login_datetime) VALUES(1,'0:0:0:0:0:0:0:1','25-七月-17')
2017-07-25 10:32:16|63|commit|connection 2|
2017-07-25 10:32:16|2|statement|connection 3| SELECT history_id,user_id,user_name,school_name,start_date,end_date  FROM t_history WHERE user_name = 'admin' 
2017-07-25 10:32:16|2|commit|connection 3|
2017-07-25 10:32:18|1|statement|connection 4|SELECT count(*) from t_event WHERE event_id LIKE '%%' 
2017-07-25 10:32:18|1|statement|connection 5|SELECT * FROM t_event WHERE event_id LIKE '%%' order by event_id limit 0,15 
2017-07-25 10:32:19|2|statement|connection 6|SELECT event_id,is_check FROM t_event WHERE event_id LIKE '%%' 
2017-07-25 10:32:19|54|statement|connection 7|UPDATE t_event SET is_check = 1 WHERE event_id = '5W5eOEzbDYLVErVpcqth0' 
2017-07-25 10:32:19|26|statement|connection 8|UPDATE t_event SET is_check = 1 WHERE event_id = '75WyaHd09DV4QBm25P5s0' 
2017-07-25 10:32:19|27|statement|connection 9|UPDATE t_event SET is_check = 1 WHERE event_id = '7teOQd70cN6GsRMwcx7y' 
2017-07-25 10:32:20|34|statement|connection 10|UPDATE t_event SET is_check = 1 WHERE event_id = '7tsN0pRMK3PiIpAOqaJ4' 
2017-07-25 10:32:20|26|statement|connection 11|UPDATE t_event SET is_check = 1 WHERE event_id = '9C40AQ4W5wCP0GQMErLy0' 
2017-07-25 10:32:20|64|statement|connection 12|UPDATE t_event SET is_check = 1 WHERE event_id = '9g5D0PHydc2c1udefkN70' 
2017-07-25 10:32:20|26|statement|connection 13|UPDATE t_event SET is_check = 1 WHERE event_id = '9GUazr8j9tTeIt08rURL0' 
2017-07-25 10:32:20|27|statement|connection 14|UPDATE t_event SET is_check = 1 WHERE event_id = 'bBx4R09Y0Mqac1OEcOLf' 
2017-07-25 10:32:20|33|statement|connection 15|UPDATE t_event SET is_check = 1 WHERE event_id = 'fnbvS1QsgVHmrc9IJLdp' 
2017-07-25 10:32:20|29|statement|connection 16|UPDATE t_event SET is_check = 1 WHERE event_id = 'FOYssG5ofdr9TwY7hH9b' 
2017-07-25 10:32:20|31|statement|connection 17|UPDATE t_event SET is_check = 1 WHERE event_id = 'fr1h48v2FsyQqfQrmWTn0' 
2017-07-25 10:32:20|25|statement|connection 18|UPDATE t_event SET is_check = 1 WHERE event_id = 'FsxO9N72zzy0LPakh4Ye' 
2017-07-25 10:32:20|27|statement|connection 19|UPDATE t_event SET is_check = 1 WHERE event_id = 'FuwH489golK0oH83Nino' 
2017-07-25 10:32:20|36|statement|connection 20|UPDATE t_event SET is_check = 1 WHERE event_id = 'FwR0BsE7bpgY4isRHz040' 
2017-07-25 10:32:20|27|statement|connection 21|UPDATE t_event SET is_check = 1 WHERE event_id = 'h8tSnh6PC2vKg0MP53T40' 
2017-07-25 10:32:20|32|statement|connection 22|UPDATE t_event SET is_check = 1 WHERE event_id = 'hmAI8mhVhWe46W29I2b70' 
2017-07-25 10:32:20|26|statement|connection 23|UPDATE t_event SET is_check = 1 WHERE event_id = 'hmiDysY4e7J6wqomIl3A' 
2017-07-25 10:32:20|26|statement|connection 24|UPDATE t_event SET is_check = 1 WHERE event_id = 'HTuM6G01Ax1ek0jOez3I0' 
2017-07-25 10:32:20|26|statement|connection 25|UPDATE t_event SET is_check = 1 WHERE event_id = 'HV3QH4aKACdqO0zko23z' 
2017-07-25 10:32:20|34|statement|connection 26|UPDATE t_event SET is_check = 1 WHERE event_id = 'HXoeBv3vLWEpvuHp0OCF0' 
2017-07-25 10:32:20|25|statement|connection 27|UPDATE t_event SET is_check = 1 WHERE event_id = 'HzAky1u0RqqmxoK5TW6b0' 
2017-07-25 10:32:20|26|statement|connection 28|UPDATE t_event SET is_check = 1 WHERE event_id = 'Ja3CKCUjAYMgHCK3dVtb0' 
2017-07-25 10:32:20|32|statement|connection 29|UPDATE t_event SET is_check = 1 WHERE event_id = 'Jcqx05BMnOnfjvX1C9Rq' 
2017-07-25 10:32:20|32|statement|connection 30|UPDATE t_event SET is_check = 1 WHERE event_id = 'jFNes6fszdVRWvG2gAWe0' 
2017-07-25 10:32:20|26|statement|connection 31|UPDATE t_event SET is_check = 1 WHERE event_id = 'JgIBkw9EVoHsk8jO1dwu0' 
2017-07-25 10:32:20|36|statement|connection 32|UPDATE t_event SET is_check = 1 WHERE event_id = 'JiBv3ianQBVpxLHRWXpP' 
2017-07-25 10:32:20|25|statement|connection 33|UPDATE t_event SET is_check = 1 WHERE event_id = 'JU2mQQRCRJuQ4rwjshTv' 
2017-07-25 10:32:20|34|statement|connection 34|UPDATE t_event SET is_check = 1 WHERE event_id = 'jVj7uIrUoWV5C9aLxeBz0' 
2017-07-25 10:32:20|25|statement|connection 35|UPDATE t_event SET is_check = 1 WHERE event_id = 'jVrvKBU1OHTIb8eTk3nS' 
2017-07-25 10:32:21|24|statement|connection 36|UPDATE t_event SET is_check = 1 WHERE event_id = 'jXeiDl1ADsQnz7cR5j7T' 
2017-07-25 10:32:21|26|statement|connection 37|UPDATE t_event SET is_check = 1 WHERE event_id = 'jXS6H1s7o70auz03Ojnx' 
2017-07-25 10:32:21|36|statement|connection 38|UPDATE t_event SET is_check = 1 WHERE event_id = 'L3dTJLJhSLvLz8bdXyeg' 
2017-07-25 10:32:21|25|statement|connection 39|UPDATE t_event SET is_check = 1 WHERE event_id = 'LBWLEuLSmDNVs50YQRbr' 
2017-07-25 10:32:21|26|statement|connection 40|UPDATE t_event SET is_check = 1 WHERE event_id = 'lcOCeRlURICBSbq7FCBb' 
2017-07-25 10:32:21|27|statement|connection 41|UPDATE t_event SET is_check = 1 WHERE event_id = 'lgutNOTgUwAgiNjmrFH80' 
2017-07-25 10:32:21|26|statement|connection 42|UPDATE t_event SET is_check = 1 WHERE event_id = 'LLLf4Onda9BgbnG35fkR0' 
2017-07-25 10:32:21|37|statement|connection 43|UPDATE t_event SET is_check = 1 WHERE event_id = 'lWPPaz6U00RqA9MHSY8a' 
2017-07-25 10:32:21|26|statement|connection 44|UPDATE t_event SET is_check = 1 WHERE event_id = 'nb9ovM8ajBhX728CdvPE' 
2017-07-25 10:32:21|27|statement|connection 45|UPDATE t_event SET is_check = 1 WHERE event_id = 'nHpAnzbvWkV8qHluRhMD0' 
2017-07-25 10:32:21|25|statement|connection 46|UPDATE t_event SET is_check = 1 WHERE event_id = 'nHrXalqh8giN2IXz5tAO0' 
2017-07-25 10:32:21|28|statement|connection 47|UPDATE t_event SET is_check = 1 WHERE event_id = 'NQjY2eSY5el08PzhUqel' 
2017-07-25 10:32:21|28|statement|connection 48|UPDATE t_event SET is_check = 1 WHERE event_id = 'nr5cc2J0InAqmzVHvWiJ' 
2017-07-25 10:32:21|70|statement|connection 49|UPDATE t_event SET is_check = 1 WHERE event_id = 'nRwPIEoFJN0HqyQaEWGd' 
2017-07-25 10:32:21|31|statement|connection 50|UPDATE t_event SET is_check = 1 WHERE event_id = 'ntmuFS97qwuWegav1Rje0' 
2017-07-25 10:32:21|27|statement|connection 51|UPDATE t_event SET is_check = 1 WHERE event_id = 'nv19GvYCttvmc3cqAWzS' 
2017-07-25 10:32:21|26|statement|connection 52|UPDATE t_event SET is_check = 1 WHERE event_id = 'Ra1IjvyWyOWuJumfLrm90' 
2017-07-25 10:32:21|26|statement|connection 53|UPDATE t_event SET is_check = 1 WHERE event_id = 'RKPS4z9nlvmoFK3DiuuE0' 
2017-07-25 10:32:21|35|statement|connection 54|UPDATE t_event SET is_check = 1 WHERE event_id = 'rLuWdhvxfsXLTjmai4Dy0' 
2017-07-25 10:32:21|25|statement|connection 55|UPDATE t_event SET is_check = 1 WHERE event_id = 'rpL0dFYLaLXR394fcnCm' 
2017-07-25 10:32:21|25|statement|connection 56|UPDATE t_event SET is_check = 1 WHERE event_id = 'tqJ5QzJcwrLv6QeCPEFj' 
2017-07-25 10:32:21|25|statement|connection 57|UPDATE t_event SET is_check = 1 WHERE event_id = 'tQyBMUkY9LK0nVP56GHb0' 
2017-07-25 10:32:21|0|statement|connection 58|SELECT count(*) from t_event WHERE event_id LIKE '%%' 
2017-07-25 10:32:21|1|statement|connection 59|SELECT * FROM t_event WHERE event_id LIKE '%%' order by event_id limit 0,15 
2017-07-25 10:32:23|0|statement|connection 60|SELECT count(*) from t_event WHERE event_id LIKE '%%' 
2017-07-25 10:32:23|2|statement|connection 61|SELECT * FROM t_event WHERE event_id LIKE '%%' order by event_id limit 0,15 
2017-07-25 10:32:24|1|statement|connection 62|SELECT event_id,is_check FROM t_event WHERE event_id LIKE '%%' 
2017-07-25 10:32:24|33|statement|connection 63|UPDATE t_event SET is_check = 1 WHERE event_id = '5W5eOEzbDYLVErVpcqth0' 
2017-07-25 10:32:24|35|statement|connection 64|UPDATE t_event SET is_check = 1 WHERE event_id = '75WyaHd09DV4QBm25P5s0' 
2017-07-25 10:32:24|24|statement|connection 65|UPDATE t_event SET is_check = 1 WHERE event_id = '7teOQd70cN6GsRMwcx7y' 
2017-07-25 10:32:24|24|statement|connection 66|UPDATE t_event SET is_check = 1 WHERE event_id = '7tsN0pRMK3PiIpAOqaJ4' 
2017-07-25 10:32:24|31|statement|connection 67|UPDATE t_event SET is_check = 1 WHERE event_id = '9C40AQ4W5wCP0GQMErLy0' 
2017-07-25 10:32:24|27|statement|connection 68|UPDATE t_event SET is_check = 1 WHERE event_id = '9g5D0PHydc2c1udefkN70' 
2017-07-25 10:32:24|30|statement|connection 69|UPDATE t_event SET is_check = 1 WHERE event_id = '9GUazr8j9tTeIt08rURL0' 
2017-07-25 10:32:24|29|statement|connection 70|UPDATE t_event SET is_check = 1 WHERE event_id = 'bBx4R09Y0Mqac1OEcOLf' 
2017-07-25 10:32:24|27|statement|connection 71|UPDATE t_event SET is_check = 1 WHERE event_id = 'fnbvS1QsgVHmrc9IJLdp' 
2017-07-25 10:32:24|26|statement|connection 72|UPDATE t_event SET is_check = 1 WHERE event_id = 'FOYssG5ofdr9TwY7hH9b' 
2017-07-25 10:32:24|23|statement|connection 73|UPDATE t_event SET is_check = 1 WHERE event_id = 'fr1h48v2FsyQqfQrmWTn0' 
2017-07-25 10:32:24|26|statement|connection 74|UPDATE t_event SET is_check = 1 WHERE event_id = 'FsxO9N72zzy0LPakh4Ye' 
2017-07-25 10:32:24|34|statement|connection 75|UPDATE t_event SET is_check = 1 WHERE event_id = 'FuwH489golK0oH83Nino' 
2017-07-25 10:32:24|25|statement|connection 76|UPDATE t_event SET is_check = 1 WHERE event_id = 'FwR0BsE7bpgY4isRHz040' 
2017-07-25 10:32:24|25|statement|connection 77|UPDATE t_event SET is_check = 1 WHERE event_id = 'h8tSnh6PC2vKg0MP53T40' 
2017-07-25 10:32:24|26|statement|connection 78|UPDATE t_event SET is_check = 1 WHERE event_id = 'hmAI8mhVhWe46W29I2b70' 
2017-07-25 10:32:24|25|statement|connection 79|UPDATE t_event SET is_check = 1 WHERE event_id = 'hmiDysY4e7J6wqomIl3A' 
2017-07-25 10:32:24|26|statement|connection 80|UPDATE t_event SET is_check = 1 WHERE event_id = 'HTuM6G01Ax1ek0jOez3I0' 
2017-07-25 10:32:24|35|statement|connection 81|UPDATE t_event SET is_check = 1 WHERE event_id = 'HV3QH4aKACdqO0zko23z' 
2017-07-25 10:32:25|24|statement|connection 82|UPDATE t_event SET is_check = 1 WHERE event_id = 'HXoeBv3vLWEpvuHp0OCF0' 
2017-07-25 10:32:25|24|statement|connection 83|UPDATE t_event SET is_check = 1 WHERE event_id = 'HzAky1u0RqqmxoK5TW6b0' 
2017-07-25 10:32:25|27|statement|connection 84|UPDATE t_event SET is_check = 1 WHERE event_id = 'Ja3CKCUjAYMgHCK3dVtb0' 
2017-07-25 10:32:25|27|statement|connection 85|UPDATE t_event SET is_check = 1 WHERE event_id = 'Jcqx05BMnOnfjvX1C9Rq' 
2017-07-25 10:32:25|28|statement|connection 86|UPDATE t_event SET is_check = 1 WHERE event_id = 'jFNes6fszdVRWvG2gAWe0' 
2017-07-25 10:32:25|35|statement|connection 87|UPDATE t_event SET is_check = 1 WHERE event_id = 'JgIBkw9EVoHsk8jO1dwu0' 
2017-07-25 10:32:25|26|statement|connection 88|UPDATE t_event SET is_check = 1 WHERE event_id = 'JiBv3ianQBVpxLHRWXpP' 
2017-07-25 10:32:25|27|statement|connection 89|UPDATE t_event SET is_check = 1 WHERE event_id = 'JU2mQQRCRJuQ4rwjshTv' 
2017-07-25 10:32:25|27|statement|connection 90|UPDATE t_event SET is_check = 1 WHERE event_id = 'jVj7uIrUoWV5C9aLxeBz0' 
2017-07-25 10:32:25|27|statement|connection 91|UPDATE t_event SET is_check = 1 WHERE event_id = 'jVrvKBU1OHTIb8eTk3nS' 
2017-07-25 10:32:25|37|statement|connection 92|UPDATE t_event SET is_check = 1 WHERE event_id = 'jXeiDl1ADsQnz7cR5j7T' 
2017-07-25 10:32:25|37|statement|connection 93|UPDATE t_event SET is_check = 1 WHERE event_id = 'jXS6H1s7o70auz03Ojnx' 
2017-07-25 10:32:25|25|statement|connection 94|UPDATE t_event SET is_check = 1 WHERE event_id = 'L3dTJLJhSLvLz8bdXyeg' 
2017-07-25 10:32:25|25|statement|connection 95|UPDATE t_event SET is_check = 1 WHERE event_id = 'LBWLEuLSmDNVs50YQRbr' 
2017-07-25 10:32:25|26|statement|connection 96|UPDATE t_event SET is_check = 1 WHERE event_id = 'lcOCeRlURICBSbq7FCBb' 
2017-07-25 10:32:25|26|statement|connection 97|UPDATE t_event SET is_check = 1 WHERE event_id = 'lgutNOTgUwAgiNjmrFH80' 
2017-07-25 10:32:25|35|statement|connection 98|UPDATE t_event SET is_check = 1 WHERE event_id = 'LLLf4Onda9BgbnG35fkR0' 
2017-07-25 10:32:25|24|statement|connection 99|UPDATE t_event SET is_check = 1 WHERE event_id = 'lWPPaz6U00RqA9MHSY8a' 
2017-07-25 10:32:25|27|statement|connection 100|UPDATE t_event SET is_check = 1 WHERE event_id = 'nb9ovM8ajBhX728CdvPE' 
2017-07-25 10:32:25|26|statement|connection 101|UPDATE t_event SET is_check = 1 WHERE event_id = 'nHpAnzbvWkV8qHluRhMD0' 
2017-07-25 10:32:25|27|statement|connection 102|UPDATE t_event SET is_check = 1 WHERE event_id = 'nHrXalqh8giN2IXz5tAO0' 
2017-07-25 10:32:25|28|statement|connection 103|UPDATE t_event SET is_check = 1 WHERE event_id = 'NQjY2eSY5el08PzhUqel' 
2017-07-25 10:32:25|37|statement|connection 104|UPDATE t_event SET is_check = 1 WHERE event_id = 'nr5cc2J0InAqmzVHvWiJ' 
2017-07-25 10:32:25|27|statement|connection 105|UPDATE t_event SET is_check = 1 WHERE event_id = 'nRwPIEoFJN0HqyQaEWGd' 
2017-07-25 10:32:25|27|statement|connection 106|UPDATE t_event SET is_check = 1 WHERE event_id = 'ntmuFS97qwuWegav1Rje0' 
2017-07-25 10:32:25|27|statement|connection 107|UPDATE t_event SET is_check = 1 WHERE event_id = 'nv19GvYCttvmc3cqAWzS' 
2017-07-25 10:32:25|26|statement|connection 108|UPDATE t_event SET is_check = 1 WHERE event_id = 'Ra1IjvyWyOWuJumfLrm90' 
2017-07-25 10:32:25|37|statement|connection 109|UPDATE t_event SET is_check = 1 WHERE event_id = 'RKPS4z9nlvmoFK3DiuuE0' 
2017-07-25 10:32:25|24|statement|connection 110|UPDATE t_event SET is_check = 1 WHERE event_id = 'rLuWdhvxfsXLTjmai4Dy0' 
2017-07-25 10:32:26|26|statement|connection 111|UPDATE t_event SET is_check = 1 WHERE event_id = 'rpL0dFYLaLXR394fcnCm' 
2017-07-25 10:32:26|140|statement|connection 112|UPDATE t_event SET is_check = 1 WHERE event_id = 'tqJ5QzJcwrLv6QeCPEFj' 
2017-07-25 10:32:26|39|statement|connection 113|UPDATE t_event SET is_check = 1 WHERE event_id = 'tQyBMUkY9LK0nVP56GHb0' 
2017-07-25 10:32:26|1|statement|connection 114|SELECT count(*) from t_event WHERE event_id LIKE '%%' 
2017-07-25 10:32:26|1|statement|connection 115|SELECT * FROM t_event WHERE event_id LIKE '%%' order by event_id limit 0,15 
2017-07-25 10:32:27|1|statement|connection 116|SELECT event_id,is_check FROM t_event WHERE event_id LIKE '%%' 
2017-07-25 10:32:27|24|statement|connection 117|UPDATE t_event SET is_check = 0 WHERE event_id = '5W5eOEzbDYLVErVpcqth0' 
2017-07-25 10:32:27|36|statement|connection 118|UPDATE t_event SET is_check = 0 WHERE event_id = '75WyaHd09DV4QBm25P5s0' 
2017-07-25 10:32:27|31|statement|connection 119|UPDATE t_event SET is_check = 0 WHERE event_id = '7teOQd70cN6GsRMwcx7y' 
2017-07-25 10:32:27|24|statement|connection 120|UPDATE t_event SET is_check = 0 WHERE event_id = '7tsN0pRMK3PiIpAOqaJ4' 
2017-07-25 10:32:27|24|statement|connection 121|UPDATE t_event SET is_check = 0 WHERE event_id = '9C40AQ4W5wCP0GQMErLy0' 
2017-07-25 10:32:27|24|statement|connection 122|UPDATE t_event SET is_check = 0 WHERE event_id = '9g5D0PHydc2c1udefkN70' 
2017-07-25 10:32:27|35|statement|connection 123|UPDATE t_event SET is_check = 0 WHERE event_id = '9GUazr8j9tTeIt08rURL0' 
2017-07-25 10:32:27|31|statement|connection 124|UPDATE t_event SET is_check = 0 WHERE event_id = 'bBx4R09Y0Mqac1OEcOLf' 
2017-07-25 10:32:27|25|statement|connection 125|UPDATE t_event SET is_check = 0 WHERE event_id = 'fnbvS1QsgVHmrc9IJLdp' 
2017-07-25 10:32:27|26|statement|connection 126|UPDATE t_event SET is_check = 0 WHERE event_id = 'FOYssG5ofdr9TwY7hH9b' 
2017-07-25 10:32:27|25|statement|connection 127|UPDATE t_event SET is_check = 0 WHERE event_id = 'fr1h48v2FsyQqfQrmWTn0' 
2017-07-25 10:32:27|29|statement|connection 128|UPDATE t_event SET is_check = 0 WHERE event_id = 'FsxO9N72zzy0LPakh4Ye' 
2017-07-25 10:32:27|26|statement|connection 129|UPDATE t_event SET is_check = 0 WHERE event_id = 'FuwH489golK0oH83Nino' 
2017-07-25 10:32:27|27|statement|connection 130|UPDATE t_event SET is_check = 0 WHERE event_id = 'FwR0BsE7bpgY4isRHz040' 
2017-07-25 10:32:27|26|statement|connection 131|UPDATE t_event SET is_check = 0 WHERE event_id = 'h8tSnh6PC2vKg0MP53T40' 
2017-07-25 10:32:27|28|statement|connection 132|UPDATE t_event SET is_check = 0 WHERE event_id = 'hmAI8mhVhWe46W29I2b70' 
2017-07-25 10:32:27|27|statement|connection 133|UPDATE t_event SET is_check = 0 WHERE event_id = 'hmiDysY4e7J6wqomIl3A' 
2017-07-25 10:32:27|36|statement|connection 134|UPDATE t_event SET is_check = 0 WHERE event_id = 'HTuM6G01Ax1ek0jOez3I0' 
2017-07-25 10:32:27|31|statement|connection 135|UPDATE t_event SET is_check = 0 WHERE event_id = 'HV3QH4aKACdqO0zko23z' 
2017-07-25 10:32:27|27|statement|connection 136|UPDATE t_event SET is_check = 0 WHERE event_id = 'HXoeBv3vLWEpvuHp0OCF0' 
2017-07-25 10:32:27|24|statement|connection 137|UPDATE t_event SET is_check = 0 WHERE event_id = 'HzAky1u0RqqmxoK5TW6b0' 
2017-07-25 10:32:27|27|statement|connection 138|UPDATE t_event SET is_check = 0 WHERE event_id = 'Ja3CKCUjAYMgHCK3dVtb0' 
2017-07-25 10:32:27|28|statement|connection 139|UPDATE t_event SET is_check = 0 WHERE event_id = 'Jcqx05BMnOnfjvX1C9Rq' 
2017-07-25 10:32:27|39|statement|connection 140|UPDATE t_event SET is_check = 0 WHERE event_id = 'jFNes6fszdVRWvG2gAWe0' 
2017-07-25 10:32:27|29|statement|connection 141|UPDATE t_event SET is_check = 0 WHERE event_id = 'JgIBkw9EVoHsk8jO1dwu0' 
2017-07-25 10:32:28|27|statement|connection 142|UPDATE t_event SET is_check = 0 WHERE event_id = 'JiBv3ianQBVpxLHRWXpP' 
2017-07-25 10:32:28|28|statement|connection 143|UPDATE t_event SET is_check = 0 WHERE event_id = 'JU2mQQRCRJuQ4rwjshTv' 
2017-07-25 10:32:28|69|statement|connection 144|UPDATE t_event SET is_check = 0 WHERE event_id = 'jVj7uIrUoWV5C9aLxeBz0' 
2017-07-25 10:32:28|26|statement|connection 145|UPDATE t_event SET is_check = 0 WHERE event_id = 'jVrvKBU1OHTIb8eTk3nS' 
2017-07-25 10:32:28|27|statement|connection 146|UPDATE t_event SET is_check = 0 WHERE event_id = 'jXeiDl1ADsQnz7cR5j7T' 
2017-07-25 10:32:28|28|statement|connection 147|UPDATE t_event SET is_check = 0 WHERE event_id = 'jXS6H1s7o70auz03Ojnx' 
2017-07-25 10:32:28|28|statement|connection 148|UPDATE t_event SET is_check = 0 WHERE event_id = 'L3dTJLJhSLvLz8bdXyeg' 
2017-07-25 10:32:28|28|statement|connection 149|UPDATE t_event SET is_check = 0 WHERE event_id = 'LBWLEuLSmDNVs50YQRbr' 
2017-07-25 10:32:28|36|statement|connection 150|UPDATE t_event SET is_check = 0 WHERE event_id = 'lcOCeRlURICBSbq7FCBb' 
2017-07-25 10:32:28|31|statement|connection 151|UPDATE t_event SET is_check = 0 WHERE event_id = 'lgutNOTgUwAgiNjmrFH80' 
2017-07-25 10:32:28|27|statement|connection 152|UPDATE t_event SET is_check = 0 WHERE event_id = 'LLLf4Onda9BgbnG35fkR0' 
2017-07-25 10:32:28|27|statement|connection 153|UPDATE t_event SET is_check = 0 WHERE event_id = 'lWPPaz6U00RqA9MHSY8a' 
2017-07-25 10:32:28|28|statement|connection 154|UPDATE t_event SET is_check = 0 WHERE event_id = 'nb9ovM8ajBhX728CdvPE' 
2017-07-25 10:32:28|27|statement|connection 155|UPDATE t_event SET is_check = 0 WHERE event_id = 'nHpAnzbvWkV8qHluRhMD0' 
2017-07-25 10:32:28|36|statement|connection 156|UPDATE t_event SET is_check = 0 WHERE event_id = 'nHrXalqh8giN2IXz5tAO0' 
2017-07-25 10:32:28|25|statement|connection 157|UPDATE t_event SET is_check = 0 WHERE event_id = 'NQjY2eSY5el08PzhUqel' 
2017-07-25 10:32:28|24|statement|connection 158|UPDATE t_event SET is_check = 0 WHERE event_id = 'nr5cc2J0InAqmzVHvWiJ' 
2017-07-25 10:32:28|26|statement|connection 159|UPDATE t_event SET is_check = 0 WHERE event_id = 'nRwPIEoFJN0HqyQaEWGd' 
2017-07-25 10:32:28|26|statement|connection 160|UPDATE t_event SET is_check = 0 WHERE event_id = 'ntmuFS97qwuWegav1Rje0' 
2017-07-25 10:32:28|20|statement|connection 161|UPDATE t_event SET is_check = 0 WHERE event_id = 'nv19GvYCttvmc3cqAWzS' 
2017-07-25 10:32:28|25|statement|connection 162|UPDATE t_event SET is_check = 0 WHERE event_id = 'Ra1IjvyWyOWuJumfLrm90' 
2017-07-25 10:32:28|27|statement|connection 163|UPDATE t_event SET is_check = 0 WHERE event_id = 'RKPS4z9nlvmoFK3DiuuE0' 
2017-07-25 10:32:28|27|statement|connection 164|UPDATE t_event SET is_check = 0 WHERE event_id = 'rLuWdhvxfsXLTjmai4Dy0' 
2017-07-25 10:32:28|27|statement|connection 165|UPDATE t_event SET is_check = 0 WHERE event_id = 'rpL0dFYLaLXR394fcnCm' 
2017-07-25 10:32:28|26|statement|connection 166|UPDATE t_event SET is_check = 0 WHERE event_id = 'tqJ5QzJcwrLv6QeCPEFj' 
2017-07-25 10:32:28|37|statement|connection 167|UPDATE t_event SET is_check = 0 WHERE event_id = 'tQyBMUkY9LK0nVP56GHb0' 
2017-07-25 10:32:28|1|statement|connection 168|SELECT count(*) from t_event WHERE event_id LIKE '%%' 
2017-07-25 10:32:28|1|statement|connection 169|SELECT * FROM t_event WHERE event_id LIKE '%%' order by event_id limit 0,15 
2017-07-25 10:32:31|1|statement|connection 170|SELECT count(*) from t_event WHERE event_id LIKE '%%' 
2017-07-25 10:32:31|0|statement|connection 171|SELECT * FROM t_event WHERE event_id LIKE '%%' order by event_id limit 15,15 
2017-07-25 10:32:31|1|statement|connection 172|SELECT count(*) from t_event WHERE event_id LIKE '%%' 
2017-07-25 10:32:31|0|statement|connection 173|SELECT * FROM t_event WHERE event_id LIKE '%%' order by event_id limit 30,15 
2017-07-25 10:32:31|1|statement|connection 174|SELECT count(*) from t_event WHERE event_id LIKE '%%' 
2017-07-25 10:32:31|1|statement|connection 175|SELECT * FROM t_event WHERE event_id LIKE '%%' order by event_id limit 45,15 
2017-07-25 10:33:36|1|statement|connection 176|SELECT count(*) from t_event WHERE event_id LIKE '%%' 
2017-07-25 10:33:36|0|statement|connection 177|SELECT * FROM t_event WHERE event_id LIKE '%%' order by event_id limit 0,15 
2017-07-25 10:58:24|33|statement|connection 0|SELECT count(*) from t_event WHERE event_id LIKE '%%' 
2017-07-25 10:58:24|2|statement|connection 1|SELECT * FROM t_event WHERE event_id LIKE '%%' order by event_id limit 0,15 
2017-07-25 10:58:27|0|statement|connection 2|SELECT event_id,is_check FROM t_event WHERE event_id LIKE '%%' 
2017-07-25 10:58:27|53|statement|connection 3|UPDATE t_event SET is_check = 1 WHERE event_id = '5W5eOEzbDYLVErVpcqth0' 
2017-07-25 10:58:27|31|statement|connection 4|UPDATE t_event SET is_check = 1 WHERE event_id = '75WyaHd09DV4QBm25P5s0' 
2017-07-25 10:58:27|29|statement|connection 5|UPDATE t_event SET is_check = 1 WHERE event_id = '7teOQd70cN6GsRMwcx7y' 
2017-07-25 10:58:28|35|statement|connection 6|UPDATE t_event SET is_check = 1 WHERE event_id = '7tsN0pRMK3PiIpAOqaJ4' 
2017-07-25 10:58:28|139|statement|connection 7|UPDATE t_event SET is_check = 1 WHERE event_id = '9C40AQ4W5wCP0GQMErLy0' 
2017-07-25 10:58:28|24|statement|connection 8|UPDATE t_event SET is_check = 1 WHERE event_id = '9g5D0PHydc2c1udefkN70' 
2017-07-25 10:58:28|28|statement|connection 9|UPDATE t_event SET is_check = 1 WHERE event_id = '9GUazr8j9tTeIt08rURL0' 
2017-07-25 10:58:28|36|statement|connection 10|UPDATE t_event SET is_check = 1 WHERE event_id = 'bBx4R09Y0Mqac1OEcOLf' 
2017-07-25 10:58:28|29|statement|connection 11|UPDATE t_event SET is_check = 1 WHERE event_id = 'fnbvS1QsgVHmrc9IJLdp' 
2017-07-25 10:58:28|24|statement|connection 12|UPDATE t_event SET is_check = 1 WHERE event_id = 'FOYssG5ofdr9TwY7hH9b' 
2017-07-25 10:58:28|31|statement|connection 13|UPDATE t_event SET is_check = 1 WHERE event_id = 'fr1h48v2FsyQqfQrmWTn0' 
2017-07-25 10:58:28|30|statement|connection 14|UPDATE t_event SET is_check = 1 WHERE event_id = 'FsxO9N72zzy0LPakh4Ye' 
2017-07-25 10:58:28|43|statement|connection 15|UPDATE t_event SET is_check = 1 WHERE event_id = 'FuwH489golK0oH83Nino' 
2017-07-25 10:58:28|25|statement|connection 16|UPDATE t_event SET is_check = 1 WHERE event_id = 'FwR0BsE7bpgY4isRHz040' 
2017-07-25 10:58:28|25|statement|connection 17|UPDATE t_event SET is_check = 1 WHERE event_id = 'h8tSnh6PC2vKg0MP53T40' 
2017-07-25 10:58:28|30|statement|connection 18|UPDATE t_event SET is_check = 1 WHERE event_id = 'hmAI8mhVhWe46W29I2b70' 
2017-07-25 10:58:28|26|statement|connection 19|UPDATE t_event SET is_check = 1 WHERE event_id = 'hmiDysY4e7J6wqomIl3A' 
2017-07-25 10:58:28|26|statement|connection 20|UPDATE t_event SET is_check = 1 WHERE event_id = 'HTuM6G01Ax1ek0jOez3I0' 
2017-07-25 10:58:28|86|statement|connection 21|UPDATE t_event SET is_check = 1 WHERE event_id = 'HV3QH4aKACdqO0zko23z' 
2017-07-25 10:58:28|119|statement|connection 22|UPDATE t_event SET is_check = 1 WHERE event_id = 'HXoeBv3vLWEpvuHp0OCF0' 
2017-07-25 10:58:28|60|statement|connection 23|UPDATE t_event SET is_check = 1 WHERE event_id = 'HzAky1u0RqqmxoK5TW6b0' 
2017-07-25 10:58:29|51|statement|connection 24|UPDATE t_event SET is_check = 1 WHERE event_id = 'Ja3CKCUjAYMgHCK3dVtb0' 
2017-07-25 10:58:29|28|statement|connection 25|UPDATE t_event SET is_check = 1 WHERE event_id = 'Jcqx05BMnOnfjvX1C9Rq' 
2017-07-25 10:58:29|29|statement|connection 26|UPDATE t_event SET is_check = 1 WHERE event_id = 'jFNes6fszdVRWvG2gAWe0' 
2017-07-25 10:58:29|38|statement|connection 27|UPDATE t_event SET is_check = 1 WHERE event_id = 'JgIBkw9EVoHsk8jO1dwu0' 
2017-07-25 10:58:29|25|statement|connection 28|UPDATE t_event SET is_check = 1 WHERE event_id = 'JiBv3ianQBVpxLHRWXpP' 
2017-07-25 10:58:29|26|statement|connection 29|UPDATE t_event SET is_check = 1 WHERE event_id = 'JU2mQQRCRJuQ4rwjshTv' 
2017-07-25 10:58:29|26|statement|connection 30|UPDATE t_event SET is_check = 1 WHERE event_id = 'jVj7uIrUoWV5C9aLxeBz0' 
2017-07-25 10:58:29|27|statement|connection 31|UPDATE t_event SET is_check = 1 WHERE event_id = 'jVrvKBU1OHTIb8eTk3nS' 
2017-07-25 10:58:29|35|statement|connection 32|UPDATE t_event SET is_check = 1 WHERE event_id = 'jXeiDl1ADsQnz7cR5j7T' 
2017-07-25 10:58:29|24|statement|connection 33|UPDATE t_event SET is_check = 1 WHERE event_id = 'jXS6H1s7o70auz03Ojnx' 
2017-07-25 10:58:29|26|statement|connection 34|UPDATE t_event SET is_check = 1 WHERE event_id = 'L3dTJLJhSLvLz8bdXyeg' 
2017-07-25 10:58:29|27|statement|connection 35|UPDATE t_event SET is_check = 1 WHERE event_id = 'LBWLEuLSmDNVs50YQRbr' 
2017-07-25 10:58:29|25|statement|connection 36|UPDATE t_event SET is_check = 1 WHERE event_id = 'lcOCeRlURICBSbq7FCBb' 
2017-07-25 10:58:29|30|statement|connection 37|UPDATE t_event SET is_check = 1 WHERE event_id = 'lgutNOTgUwAgiNjmrFH80' 
2017-07-25 10:58:29|24|statement|connection 38|UPDATE t_event SET is_check = 1 WHERE event_id = 'LLLf4Onda9BgbnG35fkR0' 
2017-07-25 10:58:29|27|statement|connection 39|UPDATE t_event SET is_check = 1 WHERE event_id = 'lWPPaz6U00RqA9MHSY8a' 
2017-07-25 10:58:29|31|statement|connection 40|UPDATE t_event SET is_check = 1 WHERE event_id = 'nb9ovM8ajBhX728CdvPE' 
2017-07-25 10:58:29|24|statement|connection 41|UPDATE t_event SET is_check = 1 WHERE event_id = 'nHpAnzbvWkV8qHluRhMD0' 
2017-07-25 10:58:29|23|statement|connection 42|UPDATE t_event SET is_check = 1 WHERE event_id = 'nHrXalqh8giN2IXz5tAO0' 
2017-07-25 10:58:29|35|statement|connection 43|UPDATE t_event SET is_check = 1 WHERE event_id = 'NQjY2eSY5el08PzhUqel' 
2017-07-25 10:58:29|25|statement|connection 44|UPDATE t_event SET is_check = 1 WHERE event_id = 'nr5cc2J0InAqmzVHvWiJ' 
2017-07-25 10:58:29|26|statement|connection 45|UPDATE t_event SET is_check = 1 WHERE event_id = 'nRwPIEoFJN0HqyQaEWGd' 
2017-07-25 10:58:29|28|statement|connection 46|UPDATE t_event SET is_check = 1 WHERE event_id = 'ntmuFS97qwuWegav1Rje0' 
2017-07-25 10:58:29|26|statement|connection 47|UPDATE t_event SET is_check = 1 WHERE event_id = 'nv19GvYCttvmc3cqAWzS' 
2017-07-25 10:58:29|39|statement|connection 48|UPDATE t_event SET is_check = 1 WHERE event_id = 'Ra1IjvyWyOWuJumfLrm90' 
2017-07-25 10:58:29|32|statement|connection 49|UPDATE t_event SET is_check = 1 WHERE event_id = 'RKPS4z9nlvmoFK3DiuuE0' 
2017-07-25 10:58:30|25|statement|connection 50|UPDATE t_event SET is_check = 1 WHERE event_id = 'rLuWdhvxfsXLTjmai4Dy0' 
2017-07-25 10:58:30|169|statement|connection 51|UPDATE t_event SET is_check = 1 WHERE event_id = 'rpL0dFYLaLXR394fcnCm' 
2017-07-25 10:58:30|40|statement|connection 52|UPDATE t_event SET is_check = 1 WHERE event_id = 'tqJ5QzJcwrLv6QeCPEFj' 
2017-07-25 10:58:30|35|statement|connection 53|UPDATE t_event SET is_check = 1 WHERE event_id = 'tQyBMUkY9LK0nVP56GHb0' 
2017-07-25 10:58:30|1|statement|connection 54|SELECT count(*) from t_event WHERE event_id LIKE '%%' 
2017-07-25 10:58:30|1|statement|connection 55|SELECT * FROM t_event WHERE event_id LIKE '%%' order by event_id limit 0,15 
2017-07-25 10:58:31|1|statement|connection 56|SELECT event_id,is_check FROM t_event WHERE event_id LIKE '%%' 
2017-07-25 10:58:32|42|statement|connection 57|UPDATE t_event SET is_check = 0 WHERE event_id = '5W5eOEzbDYLVErVpcqth0' 
2017-07-25 10:58:32|26|statement|connection 58|UPDATE t_event SET is_check = 0 WHERE event_id = '75WyaHd09DV4QBm25P5s0' 
2017-07-25 10:58:32|123|statement|connection 59|UPDATE t_event SET is_check = 0 WHERE event_id = '7teOQd70cN6GsRMwcx7y' 
2017-07-25 10:58:32|49|statement|connection 60|UPDATE t_event SET is_check = 0 WHERE event_id = '7tsN0pRMK3PiIpAOqaJ4' 
2017-07-25 10:58:32|23|statement|connection 61|UPDATE t_event SET is_check = 0 WHERE event_id = '9C40AQ4W5wCP0GQMErLy0' 
2017-07-25 10:58:32|27|statement|connection 62|UPDATE t_event SET is_check = 0 WHERE event_id = '9g5D0PHydc2c1udefkN70' 
2017-07-25 10:58:32|27|statement|connection 63|UPDATE t_event SET is_check = 0 WHERE event_id = '9GUazr8j9tTeIt08rURL0' 
2017-07-25 10:58:32|27|statement|connection 64|UPDATE t_event SET is_check = 0 WHERE event_id = 'bBx4R09Y0Mqac1OEcOLf' 
2017-07-25 10:58:32|25|statement|connection 65|UPDATE t_event SET is_check = 0 WHERE event_id = 'fnbvS1QsgVHmrc9IJLdp' 
2017-07-25 10:58:32|37|statement|connection 66|UPDATE t_event SET is_check = 0 WHERE event_id = 'FOYssG5ofdr9TwY7hH9b' 
2017-07-25 10:58:32|25|statement|connection 67|UPDATE t_event SET is_check = 0 WHERE event_id = 'fr1h48v2FsyQqfQrmWTn0' 
2017-07-25 10:58:32|28|statement|connection 68|UPDATE t_event SET is_check = 0 WHERE event_id = 'FsxO9N72zzy0LPakh4Ye' 
2017-07-25 10:58:32|28|statement|connection 69|UPDATE t_event SET is_check = 0 WHERE event_id = 'FuwH489golK0oH83Nino' 
2017-07-25 10:58:32|26|statement|connection 70|UPDATE t_event SET is_check = 0 WHERE event_id = 'FwR0BsE7bpgY4isRHz040' 
2017-07-25 10:58:32|28|statement|connection 71|UPDATE t_event SET is_check = 0 WHERE event_id = 'h8tSnh6PC2vKg0MP53T40' 
2017-07-25 10:58:32|38|statement|connection 72|UPDATE t_event SET is_check = 0 WHERE event_id = 'hmAI8mhVhWe46W29I2b70' 
2017-07-25 10:58:32|24|statement|connection 73|UPDATE t_event SET is_check = 0 WHERE event_id = 'hmiDysY4e7J6wqomIl3A' 
2017-07-25 10:58:32|25|statement|connection 74|UPDATE t_event SET is_check = 0 WHERE event_id = 'HTuM6G01Ax1ek0jOez3I0' 
2017-07-25 10:58:32|27|statement|connection 75|UPDATE t_event SET is_check = 0 WHERE event_id = 'HV3QH4aKACdqO0zko23z' 
2017-07-25 10:58:32|27|statement|connection 76|UPDATE t_event SET is_check = 0 WHERE event_id = 'HXoeBv3vLWEpvuHp0OCF0' 
2017-07-25 10:58:32|38|statement|connection 77|UPDATE t_event SET is_check = 0 WHERE event_id = 'HzAky1u0RqqmxoK5TW6b0' 
2017-07-25 10:58:32|25|statement|connection 78|UPDATE t_event SET is_check = 0 WHERE event_id = 'Ja3CKCUjAYMgHCK3dVtb0' 
2017-07-25 10:58:32|26|statement|connection 79|UPDATE t_event SET is_check = 0 WHERE event_id = 'Jcqx05BMnOnfjvX1C9Rq' 
2017-07-25 10:58:32|30|statement|connection 80|UPDATE t_event SET is_check = 0 WHERE event_id = 'jFNes6fszdVRWvG2gAWe0' 
2017-07-25 10:58:32|27|statement|connection 81|UPDATE t_event SET is_check = 0 WHERE event_id = 'JgIBkw9EVoHsk8jO1dwu0' 
2017-07-25 10:58:33|25|statement|connection 82|UPDATE t_event SET is_check = 0 WHERE event_id = 'JiBv3ianQBVpxLHRWXpP' 
2017-07-25 10:58:33|33|statement|connection 83|UPDATE t_event SET is_check = 0 WHERE event_id = 'JU2mQQRCRJuQ4rwjshTv' 
2017-07-25 10:58:33|23|statement|connection 84|UPDATE t_event SET is_check = 0 WHERE event_id = 'jVj7uIrUoWV5C9aLxeBz0' 
2017-07-25 10:58:33|26|statement|connection 85|UPDATE t_event SET is_check = 0 WHERE event_id = 'jVrvKBU1OHTIb8eTk3nS' 
2017-07-25 10:58:33|24|statement|connection 86|UPDATE t_event SET is_check = 0 WHERE event_id = 'jXeiDl1ADsQnz7cR5j7T' 
2017-07-25 10:58:33|25|statement|connection 87|UPDATE t_event SET is_check = 0 WHERE event_id = 'jXS6H1s7o70auz03Ojnx' 
2017-07-25 10:58:33|36|statement|connection 88|UPDATE t_event SET is_check = 0 WHERE event_id = 'L3dTJLJhSLvLz8bdXyeg' 
2017-07-25 10:58:33|25|statement|connection 89|UPDATE t_event SET is_check = 0 WHERE event_id = 'LBWLEuLSmDNVs50YQRbr' 
2017-07-25 10:58:33|26|statement|connection 90|UPDATE t_event SET is_check = 0 WHERE event_id = 'lcOCeRlURICBSbq7FCBb' 
2017-07-25 10:58:33|26|statement|connection 91|UPDATE t_event SET is_check = 0 WHERE event_id = 'lgutNOTgUwAgiNjmrFH80' 
2017-07-25 10:58:33|26|statement|connection 92|UPDATE t_event SET is_check = 0 WHERE event_id = 'LLLf4Onda9BgbnG35fkR0' 
2017-07-25 10:58:33|27|statement|connection 93|UPDATE t_event SET is_check = 0 WHERE event_id = 'lWPPaz6U00RqA9MHSY8a' 
2017-07-25 10:58:33|36|statement|connection 94|UPDATE t_event SET is_check = 0 WHERE event_id = 'nb9ovM8ajBhX728CdvPE' 
2017-07-25 10:58:33|26|statement|connection 95|UPDATE t_event SET is_check = 0 WHERE event_id = 'nHpAnzbvWkV8qHluRhMD0' 
2017-07-25 10:58:33|25|statement|connection 96|UPDATE t_event SET is_check = 0 WHERE event_id = 'nHrXalqh8giN2IXz5tAO0' 
2017-07-25 10:58:33|27|statement|connection 97|UPDATE t_event SET is_check = 0 WHERE event_id = 'NQjY2eSY5el08PzhUqel' 
2017-07-25 10:58:33|44|statement|connection 98|UPDATE t_event SET is_check = 0 WHERE event_id = 'nr5cc2J0InAqmzVHvWiJ' 
2017-07-25 10:58:33|27|statement|connection 99|UPDATE t_event SET is_check = 0 WHERE event_id = 'nRwPIEoFJN0HqyQaEWGd' 
2017-07-25 10:58:33|36|statement|connection 100|UPDATE t_event SET is_check = 0 WHERE event_id = 'ntmuFS97qwuWegav1Rje0' 
2017-07-25 10:58:33|25|statement|connection 101|UPDATE t_event SET is_check = 0 WHERE event_id = 'nv19GvYCttvmc3cqAWzS' 
2017-07-25 10:58:33|25|statement|connection 102|UPDATE t_event SET is_check = 0 WHERE event_id = 'Ra1IjvyWyOWuJumfLrm90' 
2017-07-25 10:58:33|27|statement|connection 103|UPDATE t_event SET is_check = 0 WHERE event_id = 'RKPS4z9nlvmoFK3DiuuE0' 
2017-07-25 10:58:33|28|statement|connection 104|UPDATE t_event SET is_check = 0 WHERE event_id = 'rLuWdhvxfsXLTjmai4Dy0' 
2017-07-25 10:58:33|37|statement|connection 105|UPDATE t_event SET is_check = 0 WHERE event_id = 'rpL0dFYLaLXR394fcnCm' 
2017-07-25 10:58:33|25|statement|connection 106|UPDATE t_event SET is_check = 0 WHERE event_id = 'tqJ5QzJcwrLv6QeCPEFj' 
2017-07-25 10:58:33|29|statement|connection 107|UPDATE t_event SET is_check = 0 WHERE event_id = 'tQyBMUkY9LK0nVP56GHb0' 
2017-07-25 10:58:33|1|statement|connection 108|SELECT count(*) from t_event WHERE event_id LIKE '%%' 
2017-07-25 10:58:33|1|statement|connection 109|SELECT * FROM t_event WHERE event_id LIKE '%%' order by event_id limit 0,15 
